<?xml version="1.0" encoding="UTF-8"?>
<!-- Generated by org.testng.reporters.JUnitXMLReporter -->
<testsuite ignored="4" hostname="Android-PC" failures="0" tests="1" name="Default test" time="0.57" errors="0" timestamp="08 May 2022 08:53:53 GMT">
  <testcase classname="com.qa.test.DocumentHeadTest" name="deleteDocumentHead" time="0.547"/>
  <testcase classname="com.qa.test.DocumentHeadTest" name="updateValidationDocumentHead" time="0.0">
    <ignored/>
  </testcase> <!-- updateValidationDocumentHead -->
  <testcase classname="com.qa.test.DocumentHeadTest" name="getAllDocumentHead" time="0.0">
    <ignored/>
  </testcase> <!-- getAllDocumentHead -->
  <testcase classname="com.qa.test.DocumentHeadTest" name="saveDocumentHead" time="0.0">
    <ignored/>
  </testcase> <!-- saveDocumentHead -->
  <testcase classname="com.qa.test.DocumentHeadTest" name="updateDocumentHead" time="0.0">
    <ignored/>
  </testcase> <!-- updateDocumentHead -->
</testsuite> <!-- Default test -->
