<?xml version="1.0" encoding="UTF-8"?>
<testng-results ignored="4" total="5" passed="1" failed="0" skipped="0">
  <reporter-output>
  </reporter-output>
  <suite started-at="2022-05-08T08:53:53Z" name="Default suite" finished-at="2022-05-08T08:53:53Z" duration-ms="570">
    <groups>
    </groups>
    <test started-at="2022-05-08T08:53:53Z" name="Default test" finished-at="2022-05-08T08:53:53Z" duration-ms="570">
      <class name="com.qa.test.DocumentHeadTest">
        <test-method signature="deleteDocumentHead(java.lang.String)[pri:0, instance:com.qa.test.DocumentHeadTest@445821a6]" started-at="2022-05-08T08:53:53Z" name="deleteDocumentHead" data-provider="deleteDocumentHead" finished-at="2022-05-08T08:53:53Z" duration-ms="547" status="PASS">
          <params>
            <param index="0">
              <value>
                <![CDATA[AT]]>
              </value>
            </param>
          </params>
          <reporter-output>
          </reporter-output>
        </test-method> <!-- deleteDocumentHead -->
      </class> <!-- com.qa.test.DocumentHeadTest -->
    </test> <!-- Default test -->
  </suite> <!-- Default suite -->
</testng-results>
